2023-05-18 09:45:37.596  WARN 22008 --- [http-nio-8080-exec-1] c.a.druid.pool.DruidAbstractDataSource   : discard long time none received connection. , jdbcUrl : jdbc:mysql://localhost:3306/bishe?useUnicode=true&characterEncoding=utf-8&allowMultiQueries=true&useSSL=false&serverTimezone=GMT%2b8, version : 1.2.4, lastPacketReceivedIdleMillis : 83498
2023-05-18 09:46:59.294  WARN 22008 --- [http-nio-8080-exec-6] c.a.druid.pool.DruidAbstractDataSource   : discard long time none received connection. , jdbcUrl : jdbc:mysql://localhost:3306/bishe?useUnicode=true&characterEncoding=utf-8&allowMultiQueries=true&useSSL=false&serverTimezone=GMT%2b8, version : 1.2.4, lastPacketReceivedIdleMillis : 81680
2023-05-18 09:46:59.296  WARN 22008 --- [http-nio-8080-exec-6] c.a.druid.pool.DruidAbstractDataSource   : discard long time none received connection. , jdbcUrl : jdbc:mysql://localhost:3306/bishe?useUnicode=true&characterEncoding=utf-8&allowMultiQueries=true&useSSL=false&serverTimezone=GMT%2b8, version : 1.2.4, lastPacketReceivedIdleMillis : 210163
2023-05-18 09:49:38.717  WARN 22008 --- [http-nio-8080-exec-6] c.a.druid.pool.DruidAbstractDataSource   : discard long time none received connection. , jdbcUrl : jdbc:mysql://localhost:3306/bishe?useUnicode=true&characterEncoding=utf-8&allowMultiQueries=true&useSSL=false&serverTimezone=GMT%2b8, version : 1.2.4, lastPacketReceivedIdleMillis : 101778
2023-05-18 09:51:06.557  WARN 22008 --- [http-nio-8080-exec-2] c.a.druid.pool.DruidAbstractDataSource   : discard long time none received connection. , jdbcUrl : jdbc:mysql://localhost:3306/bishe?useUnicode=true&characterEncoding=utf-8&allowMultiQueries=true&useSSL=false&serverTimezone=GMT%2b8, version : 1.2.4, lastPacketReceivedIdleMillis : 78298
2023-05-18 09:51:06.560  WARN 22008 --- [http-nio-8080-exec-2] c.a.druid.pool.DruidAbstractDataSource   : discard long time none received connection. , jdbcUrl : jdbc:mysql://localhost:3306/bishe?useUnicode=true&characterEncoding=utf-8&allowMultiQueries=true&useSSL=false&serverTimezone=GMT%2b8, version : 1.2.4, lastPacketReceivedIdleMillis : 231794
2023-05-18 16:34:40.561  INFO 12924 --- [main] c.j.xshopping.GenerateApplicationTests   : Starting GenerateApplicationTests using Java 1.8.0_131 on LAPTOP-50M84QPF with PID 12924 (started by Kelsey in C:\Users\Kelsey\IdeaProjects\xshopping)
2023-05-18 16:34:40.562  INFO 12924 --- [main] c.j.xshopping.GenerateApplicationTests   : No active profile set, falling back to 1 default profile: "default"
2023-05-18 16:34:40.923  WARN 12924 --- [main] t.m.s.mapper.ClassPathMapperScanner      : Skipping MapperFactoryBean with name 'advertiserInfoMapper' and 'com.javaclimb.xshopping.mapper.AdvertiserInfoMapper' mapperInterface. Bean already defined with the same name!
2023-05-18 16:34:40.923  WARN 12924 --- [main] t.m.s.mapper.ClassPathMapperScanner      : Skipping MapperFactoryBean with name 'cartInfoMapper' and 'com.javaclimb.xshopping.mapper.CartInfoMapper' mapperInterface. Bean already defined with the same name!
2023-05-18 16:34:40.923  WARN 12924 --- [main] t.m.s.mapper.ClassPathMapperScanner      : Skipping MapperFactoryBean with name 'commentInfoMapper' and 'com.javaclimb.xshopping.mapper.CommentInfoMapper' mapperInterface. Bean already defined with the same name!
2023-05-18 16:34:40.923  WARN 12924 --- [main] t.m.s.mapper.ClassPathMapperScanner      : Skipping MapperFactoryBean with name 'goodsInfoMapper' and 'com.javaclimb.xshopping.mapper.GoodsInfoMapper' mapperInterface. Bean already defined with the same name!
2023-05-18 16:34:40.923  WARN 12924 --- [main] t.m.s.mapper.ClassPathMapperScanner      : Skipping MapperFactoryBean with name 'groupbuyMapper' and 'com.javaclimb.xshopping.mapper.GroupbuyMapper' mapperInterface. Bean already defined with the same name!
2023-05-18 16:34:40.924  WARN 12924 --- [main] t.m.s.mapper.ClassPathMapperScanner      : Skipping MapperFactoryBean with name 'nxSystemFileInfoMapper' and 'com.javaclimb.xshopping.mapper.NxSystemFileInfoMapper' mapperInterface. Bean already defined with the same name!
2023-05-18 16:34:40.924  WARN 12924 --- [main] t.m.s.mapper.ClassPathMapperScanner      : Skipping MapperFactoryBean with name 'orderGoodsRelMapper' and 'com.javaclimb.xshopping.mapper.OrderGoodsRelMapper' mapperInterface. Bean already defined with the same name!
2023-05-18 16:34:40.924  WARN 12924 --- [main] t.m.s.mapper.ClassPathMapperScanner      : Skipping MapperFactoryBean with name 'orderInfoMapper' and 'com.javaclimb.xshopping.mapper.OrderInfoMapper' mapperInterface. Bean already defined with the same name!
2023-05-18 16:34:40.924  WARN 12924 --- [main] t.m.s.mapper.ClassPathMapperScanner      : Skipping MapperFactoryBean with name 'typeInfoMapper' and 'com.javaclimb.xshopping.mapper.TypeInfoMapper' mapperInterface. Bean already defined with the same name!
2023-05-18 16:34:40.924  WARN 12924 --- [main] t.m.s.mapper.ClassPathMapperScanner      : Skipping MapperFactoryBean with name 'userInfoMapper' and 'com.javaclimb.xshopping.mapper.UserInfoMapper' mapperInterface. Bean already defined with the same name!
2023-05-18 16:34:40.924  WARN 12924 --- [main] t.m.s.mapper.ClassPathMapperScanner      : No MyBatis mapper was found in '[com.javaclimb.xshopping.mapper]' package. Please check your configuration.
2023-05-18 16:34:41.135  WARN 12924 --- [main] o.m.s.mapper.ClassPathMapperScanner      : Skipping MapperFactoryBean with name 'userInfoMapper' and 'com.javaclimb.xshopping.mapper.UserInfoMapper' mapperInterface. Bean already defined with the same name!
2023-05-18 16:34:41.136  WARN 12924 --- [main] o.m.s.mapper.ClassPathMapperScanner      : No MyBatis mapper was found in '[com.javaclimb.xshopping]' package. Please check your configuration.
2023-05-18 16:34:41.375  INFO 12924 --- [main] c.a.d.s.b.a.DruidDataSourceAutoConfigure : Init DruidDataSource
2023-05-18 16:34:41.650  INFO 12924 --- [main] com.alibaba.druid.pool.DruidDataSource   : {dataSource-1} inited
2023-05-18 16:34:43.338  INFO 12924 --- [main] c.j.xshopping.GenerateApplicationTests   : Started GenerateApplicationTests in 3.102 seconds (JVM running for 4.038)
2023-05-18 16:34:44.634  INFO 12924 --- [SpringApplicationShutdownHook] com.alibaba.druid.pool.DruidDataSource   : {dataSource-1} closing ...
2023-05-18 16:34:44.635  INFO 12924 --- [SpringApplicationShutdownHook] com.alibaba.druid.pool.DruidDataSource   : {dataSource-1} closed
2023-05-18 22:04:28.090  WARN 22008 --- [http-nio-8080-exec-3] c.a.druid.pool.DruidAbstractDataSource   : discard long time none received connection. , jdbcUrl : jdbc:mysql://localhost:3306/bishe?useUnicode=true&characterEncoding=utf-8&allowMultiQueries=true&useSSL=false&serverTimezone=GMT%2b8, version : 1.2.4, lastPacketReceivedIdleMillis : 318830
2023-05-18 22:04:28.090  WARN 22008 --- [http-nio-8080-exec-9] c.a.druid.pool.DruidAbstractDataSource   : discard long time none received connection. , jdbcUrl : jdbc:mysql://localhost:3306/bishe?useUnicode=true&characterEncoding=utf-8&allowMultiQueries=true&useSSL=false&serverTimezone=GMT%2b8, version : 1.2.4, lastPacketReceivedIdleMillis : 318830
2023-05-18 22:04:28.089  WARN 22008 --- [http-nio-8080-exec-6] c.a.druid.pool.DruidAbstractDataSource   : discard long time none received connection. , jdbcUrl : jdbc:mysql://localhost:3306/bishe?useUnicode=true&characterEncoding=utf-8&allowMultiQueries=true&useSSL=false&serverTimezone=GMT%2b8, version : 1.2.4, lastPacketReceivedIdleMillis : 318825
2023-05-18 22:05:51.268  INFO 22008 --- [SpringApplicationShutdownHook] com.alibaba.druid.pool.DruidDataSource   : {dataSource-1} closing ...
2023-05-18 22:05:51.272  INFO 22008 --- [SpringApplicationShutdownHook] com.alibaba.druid.pool.DruidDataSource   : {dataSource-1} closed
